{
  "RSpec": {
    "coverage": {
      "/Users/stevejones/dev/engineering_project_1/howdy-partners-bookaroo-new/spec/controllers/posts_controller_spec.rb": {
        "lines": [
          1,
          null,
          1,
          1,
          1,
          1,
          1,
          null,
          null,
          null,
          1,
          1,
          1,
          1,
          null,
          null,
          1,
          1,
          1,
          null,
          null,
          null,
          1,
          1,
          1,
          1,
          null,
          null,
          null
        ]
      },
      "/Users/stevejones/dev/engineering_project_1/howdy-partners-bookaroo-new/spec/rails_helper.rb": {
        "lines": [
          null,
          1,
          1,
          null,
          1,
          1,
          1,
          null,
          null,
          null,
          null,
          null,
          null,
          null,
          null,
          null,
          null,
          null,
          null,
          null,
          null,
          null,
          null,
          null,
          null,
          null,
          1,
          null,
          1,
          null,
          1,
          null,
          null,
          null,
          null,
          1,
          null,
          null,
          null,
          null,
          null,
          null,
          null,
          null,
          null,
          null,
          null,
          null,
          null,
          null,
          1,
          null,
          null,
          1,
          null,
          null,
          null
        ]
      },
      "/Users/stevejones/dev/engineering_project_1/howdy-partners-bookaroo-new/config/environment.rb": {
        "lines": [
          null,
          1,
          null,
          null,
          1
        ]
      },
      "/Users/stevejones/dev/engineering_project_1/howdy-partners-bookaroo-new/config/application.rb": {
        "lines": [
          1,
          null,
          1,
          null,
          null,
          null,
          1,
          null,
          1,
          1,
          null,
          1,
          null,
          null,
          null,
          null,
          null,
          null
        ]
      },
      "/Users/stevejones/dev/engineering_project_1/howdy-partners-bookaroo-new/config/boot.rb": {
        "lines": [
          1,
          null,
          1
        ]
      },
      "/Users/stevejones/dev/engineering_project_1/howdy-partners-bookaroo-new/config/environments/test.rb": {
        "lines": [
          1,
          null,
          null,
          null,
          null,
          null,
          null,
          1,
          null,
          null,
          null,
          null,
          1,
          null,
          null,
          1,
          1,
          null,
          null,
          null,
          null,
          1,
          1,
          null,
          null,
          1,
          null,
          null,
          1,
          1,
          null,
          null,
          null,
          null,
          1,
          null,
          null,
          1,
          null,
          null,
          null,
          null
        ]
      },
      "/Users/stevejones/dev/engineering_project_1/howdy-partners-bookaroo-new/config/initializers/application_controller_renderer.rb": {
        "lines": [
          null,
          null,
          null,
          null,
          null,
          null
        ]
      },
      "/Users/stevejones/dev/engineering_project_1/howdy-partners-bookaroo-new/config/initializers/assets.rb": {
        "lines": [
          null,
          null,
          null,
          1,
          null,
          null,
          null,
          null,
          1,
          null,
          null,
          null,
          null,
          null
        ]
      },
      "/Users/stevejones/dev/engineering_project_1/howdy-partners-bookaroo-new/config/initializers/backtrace_silencers.rb": {
        "lines": [
          null,
          null,
          null,
          null,
          null,
          null,
          null
        ]
      },
      "/Users/stevejones/dev/engineering_project_1/howdy-partners-bookaroo-new/config/initializers/cookies_serializer.rb": {
        "lines": [
          null,
          null,
          null,
          null,
          1
        ]
      },
      "/Users/stevejones/dev/engineering_project_1/howdy-partners-bookaroo-new/config/initializers/filter_parameter_logging.rb": {
        "lines": [
          null,
          null,
          null,
          1
        ]
      },
      "/Users/stevejones/dev/engineering_project_1/howdy-partners-bookaroo-new/config/initializers/inflections.rb": {
        "lines": [
          null,
          null,
          null,
          null,
          null,
          null,
          null,
          null,
          null,
          null,
          null,
          null,
          null,
          null,
          null,
          null
        ]
      },
      "/Users/stevejones/dev/engineering_project_1/howdy-partners-bookaroo-new/config/initializers/mime_types.rb": {
        "lines": [
          null,
          null,
          null,
          null
        ]
      },
      "/Users/stevejones/dev/engineering_project_1/howdy-partners-bookaroo-new/config/initializers/wrap_parameters.rb": {
        "lines": [
          null,
          null,
          null,
          null,
          null,
          null,
          1,
          2,
          null,
          null,
          null,
          null,
          null,
          null
        ]
      },
      "/Users/stevejones/dev/engineering_project_1/howdy-partners-bookaroo-new/config/routes.rb": {
        "lines": [
          1,
          1,
          1,
          null,
          1,
          1,
          1,
          1,
          1,
          1,
          null
        ]
      },
      "/Users/stevejones/dev/engineering_project_1/howdy-partners-bookaroo-new/app/helpers/application_helper.rb": {
        "lines": [
          1,
          null
        ]
      },
      "/Users/stevejones/dev/engineering_project_1/howdy-partners-bookaroo-new/app/helpers/sessions_helper.rb": {
        "lines": [
          1,
          null
        ]
      },
      "/Users/stevejones/dev/engineering_project_1/howdy-partners-bookaroo-new/app/helpers/users_helper.rb": {
        "lines": [
          1,
          null
        ]
      },
      "/Users/stevejones/dev/engineering_project_1/howdy-partners-bookaroo-new/app/controllers/posts_controller.rb": {
        "lines": [
          1,
          1,
          2,
          null,
          null,
          1,
          3,
          3,
          null,
          null,
          1,
          4,
          null,
          null,
          1,
          null,
          1,
          3,
          null,
          null
        ]
      },
      "/Users/stevejones/dev/engineering_project_1/howdy-partners-bookaroo-new/app/controllers/application_controller.rb": {
        "lines": [
          1,
          1,
          null
        ]
      },
      "/Users/stevejones/dev/engineering_project_1/howdy-partners-bookaroo-new/spec/features/root_page_is_the_welcome_page_spec.rb": {
        "lines": [
          1,
          null,
          1,
          1,
          1,
          1,
          null,
          null
        ]
      },
      "/Users/stevejones/dev/engineering_project_1/howdy-partners-bookaroo-new/spec/features/user_can_submit_posts_spec.rb": {
        "lines": [
          1,
          null,
          1,
          1,
          1,
          1,
          1,
          1,
          1,
          null,
          null
        ]
      },
      "/Users/stevejones/dev/engineering_project_1/howdy-partners-bookaroo-new/spec/features/users_can_sign_up_spec.rb": {
        "lines": [
          1,
          null,
          1,
          1,
          1,
          1,
          1,
          1,
          1,
          1,
          1,
          null,
          null
        ]
      },
      "/Users/stevejones/dev/engineering_project_1/howdy-partners-bookaroo-new/spec/helpers/sessions_helper_spec.rb": {
        "lines": [
          1,
          null,
          null,
          null,
          null,
          null,
          null,
          null,
          null,
          null,
          null,
          null,
          null,
          null,
          null
        ]
      },
      "/Users/stevejones/dev/engineering_project_1/howdy-partners-bookaroo-new/spec/helpers/users_helper_spec.rb": {
        "lines": [
          1,
          null,
          null,
          null,
          null,
          null,
          null,
          null,
          null,
          null,
          null,
          null,
          null,
          null,
          null
        ]
      },
      "/Users/stevejones/dev/engineering_project_1/howdy-partners-bookaroo-new/spec/models/post_spec.rb": {
        "lines": [
          1,
          null,
          1,
          2,
          null
        ]
      },
      "/Users/stevejones/dev/engineering_project_1/howdy-partners-bookaroo-new/app/models/post.rb": {
        "lines": [
          1,
          null
        ]
      },
      "/Users/stevejones/dev/engineering_project_1/howdy-partners-bookaroo-new/app/models/application_record.rb": {
        "lines": [
          1,
          1,
          null
        ]
      },
      "/Users/stevejones/dev/engineering_project_1/howdy-partners-bookaroo-new/spec/models/user_spec.rb": {
        "lines": [
          1,
          null,
          1,
          2,
          null
        ]
      },
      "/Users/stevejones/dev/engineering_project_1/howdy-partners-bookaroo-new/app/models/user.rb": {
        "lines": [
          1,
          1,
          null
        ]
      },
      "/Users/stevejones/dev/engineering_project_1/howdy-partners-bookaroo-new/spec/requests/sessions_spec.rb": {
        "lines": [
          1,
          null,
          1,
          1,
          1,
          1,
          1,
          null,
          null,
          null,
          1,
          1,
          1,
          1,
          null,
          null,
          null,
          null
        ]
      },
      "/Users/stevejones/dev/engineering_project_1/howdy-partners-bookaroo-new/spec/requests/users_spec.rb": {
        "lines": [
          1,
          null,
          1,
          1,
          1,
          1,
          1,
          null,
          null,
          null,
          null
        ]
      },
      "/Users/stevejones/dev/engineering_project_1/howdy-partners-bookaroo-new/app/controllers/sessions_controller.rb": {
        "lines": [
          1,
          1,
          null,
          null,
          1,
          null,
          null,
          null,
          1,
          null,
          null,
          1,
          null,
          null
        ]
      },
      "/Users/stevejones/dev/engineering_project_1/howdy-partners-bookaroo-new/app/controllers/users_controller.rb": {
        "lines": [
          1,
          1,
          2,
          null,
          null,
          1,
          null,
          1,
          null,
          1,
          1,
          null,
          null
        ]
      }
    },
    "timestamp": 1635865705
  }
}
